[2023-08-11T11:23:25.940] [INFO] multipleDiscordAlerts - Starting process...
[2023-08-11T11:23:31.544] [INFO] multipleDiscordAlerts - 4⃣  Área Soporte: Hay mensajes con error, outgoing estado 3 CELULAR: MWMKT436 Cantidad: 1, por favor volverlos a enviar
[2023-08-11T11:23:31.545] [INFO] multipleDiscordAlerts - Alert sent
[2023-08-11T11:23:32.890] [INFO] multipleDiscordAlerts - 4⃣  Área Soporte: Hay mensajes con error, outgoing estado 3 CELULAR: MWMKT438 Cantidad: 1, por favor volverlos a enviar
[2023-08-11T11:23:32.890] [INFO] multipleDiscordAlerts - Alert sent
[2023-08-11T11:23:33.187] [INFO] multipleDiscordAlerts - 4⃣  Área Soporte: Hay mensajes con error, outgoing estado 3 CELULAR: MWMKT439 Cantidad: 1, por favor volverlos a enviar
[2023-08-11T11:23:33.188] [INFO] multipleDiscordAlerts - Alert sent
[2023-08-11T11:33:01.099] [INFO] multipleDiscordAlerts - Starting process...
[2023-08-11T11:35:47.594] [INFO] multipleDiscordAlerts - Starting process...
[2023-08-11T11:36:35.118] [INFO] multipleDiscordAlerts - Starting process...
[2023-08-11T11:37:53.524] [INFO] multipleDiscordAlerts - Starting process...
[2023-08-11T11:38:01.863] [INFO] multipleDiscordAlerts - 1⃣  Área SOPORTE : Hay una campaña en estado 2 --- Campaña: 293332 Usuario: M_DALVITRES Contraseña: $2a$09$pc96cM/01hVKBjQ/KlvkDuIQ.C4Acsj8TIS3ShYCtcmTIjzmnl2ke - por favor revisar
[2023-08-11T11:41:27.879] [INFO] multipleDiscordAlerts - Starting process...
[2023-08-11T11:41:30.224] [INFO] multipleDiscordAlerts - 1⃣  Área SOPORTE : Hay una campaña en estado 2 --- Campaña: 293332 Usuario: M_DALVITRES Contraseña: $2a$09$pc96cM/01hVKBjQ/KlvkDuIQ.C4Acsj8TIS3ShYCtcmTIjzmnl2ke - por favor revisar
[2023-08-11T11:42:00.003] [INFO] multipleDiscordAlerts - Starting process...
[2023-08-11T11:42:03.476] [INFO] multipleDiscordAlerts - 1⃣  Área SOPORTE : Hay una campaña en estado 2 --- Campaña: 293332 Usuario: M_DALVITRES Contraseña: $2a$09$pc96cM/01hVKBjQ/KlvkDuIQ.C4Acsj8TIS3ShYCtcmTIjzmnl2ke - por favor revisar
[2023-08-11T11:42:52.219] [INFO] multipleDiscordAlerts - Starting process...
[2023-08-11T11:42:54.196] [INFO] multipleDiscordAlerts - 1⃣  Área SOPORTE : Hay una campaña en estado 2 --- Campaña: 293332 Usuario: M_DALVITRES Contraseña: $2a$09$pc96cM/01hVKBjQ/KlvkDuIQ.C4Acsj8TIS3ShYCtcmTIjzmnl2ke - por favor revisar
[2023-08-11T11:43:27.395] [INFO] multipleDiscordAlerts - Starting process...
[2023-08-11T11:43:30.410] [INFO] multipleDiscordAlerts - 1⃣  Área SOPORTE : Hay una campaña en estado 2 --- Campaña: 293332 Usuario: M_DALVITRES Contraseña: $2a$09$pc96cM/01hVKBjQ/KlvkDuIQ.C4Acsj8TIS3ShYCtcmTIjzmnl2ke - por favor revisar
[2023-08-11T11:43:50.041] [INFO] multipleDiscordAlerts - Starting process...
[2023-08-11T11:43:52.740] [INFO] multipleDiscordAlerts - 1⃣  Área SOPORTE : Hay una campaña en estado 2 --- Campaña: 293332 Usuario: M_DALVITRES Contraseña: $2a$09$pc96cM/01hVKBjQ/KlvkDuIQ.C4Acsj8TIS3ShYCtcmTIjzmnl2ke - por favor revisar
[2023-08-11T11:43:52.740] [INFO] multipleDiscordAlerts - Alert sent
[2023-08-11T11:43:52.742] [INFO] multipleDiscordAlerts - All alerts has been sent
[2023-08-11T11:48:54.298] [INFO] multipleDiscordAlerts - Starting process...
[2023-08-11T11:48:56.217] [INFO] multipleDiscordAlerts - 1⃣  Área SOPORTE : Hay una campaña en estado 2 --- Campaña: 293332 Usuario: M_DALVITRES Contraseña: $2a$09$pc96cM/01hVKBjQ/KlvkDuIQ.C4Acsj8TIS3ShYCtcmTIjzmnl2ke - por favor revisar
[2023-08-11T11:49:56.951] [INFO] multipleDiscordAlerts - Starting process...
[2023-08-11T11:50:03.586] [INFO] multipleDiscordAlerts - 1⃣  Área SOPORTE : Hay una campaña en estado 2 --- Campaña: 293332 Usuario: M_DALVITRES Contraseña: $2a$09$pc96cM/01hVKBjQ/KlvkDuIQ.C4Acsj8TIS3ShYCtcmTIjzmnl2ke - por favor revisar
[2023-08-11T11:52:10.074] [INFO] multipleDiscordAlerts - Starting process...
[2023-08-11T11:52:24.331] [INFO] multipleDiscordAlerts - 1⃣  Área SOPORTE : Hay una campaña en estado 2 --- Campaña: 293332 Usuario: M_DALVITRES Contraseña: $2a$09$pc96cM/01hVKBjQ/KlvkDuIQ.C4Acsj8TIS3ShYCtcmTIjzmnl2ke - por favor revisar
[2023-08-11T11:54:39.181] [INFO] multipleDiscordAlerts - Starting process...
[2023-08-11T11:54:46.634] [INFO] multipleDiscordAlerts - 1⃣  Área SOPORTE : Hay una campaña en estado 2 --- Campaña: 293332 Usuario: M_DALVITRES Contraseña: $2a$09$pc96cM/01hVKBjQ/KlvkDuIQ.C4Acsj8TIS3ShYCtcmTIjzmnl2ke - por favor revisar
[2023-08-11T12:05:43.965] [INFO] multipleDiscordAlerts - Starting process...
[2023-08-11T12:06:03.415] [INFO] multipleDiscordAlerts - Starting process...
[2023-08-11T12:06:08.728] [INFO] multipleDiscordAlerts - 1⃣  Área SOPORTE : Hay una campaña en estado 2 --- Campaña: 293332 Usuario: M_DALVITRES Contraseña: $2a$09$pc96cM/01hVKBjQ/KlvkDuIQ.C4Acsj8TIS3ShYCtcmTIjzmnl2ke - por favor revisar
[2023-08-11T12:06:08.730] [INFO] multipleDiscordAlerts - All messager were sent
